{"name": "test_login_with_proper_credentials[Pmouni@gmail.com]", "status": "broken", "statusDetails": {"message": "selenium.common.exceptions.NoSuchElementException: Message: no such element: Unable to locate element: {\"method\":\"css selector\",\"selector\":\"[id=\"Email\"]\"}\n  (Session info: chrome=128.0.6613.113); For documentation on this error, please visit: https://www.selenium.dev/documentation/webdriver/troubleshooting/errors#no-such-element-exception\nStacktrace:\n\tGetHandleVerifier [0x00007FF6EA11B632+29090]\n\t(No symbol) [0x00007FF6EA08E6E9]\n\t(No symbol) [0x00007FF6E9F4B1CA]\n\t(No symbol) [0x00007FF6E9F9EFD7]\n\t(No symbol) [0x00007FF6E9F9F22C]\n\t(No symbol) [0x00007FF6E9FE97F7]\n\t(No symbol) [0x00007FF6E9FC672F]\n\t(No symbol) [0x00007FF6E9FE65D9]\n\t(No symbol) [0x00007FF6E9FC6493]\n\t(No symbol) [0x00007FF6E9F909B1]\n\t(No symbol) [0x00007FF6E9F91B11]\n\tGetHandleVerifier [0x00007FF6EA43883D+3294125]\n\tGetHandleVerifier [0x00007FF6EA484423+3604371]\n\tGetHandleVerifier [0x00007FF6EA47A2E7+3563095]\n\tGetHandleVerifier [0x00007FF6EA1D6F16+797318]\n\t(No symbol) [0x00007FF6EA09986F]\n\t(No symbol) [0x00007FF6EA095454]\n\t(No symbol) [0x00007FF6EA0955E0]\n\t(No symbol) [0x00007FF6EA084A7F]\n\tBaseThreadInitThunk [0x00007FFA992E257D+29]\n\tRtlUserThreadStart [0x00007FFA9A9AAF28+40]", "trace": "driver = <selenium.webdriver.chrome.webdriver.WebDriver (session=\"d20cfe3ae14dea1a0833a31019a33f27\")>, username = 'Pmouni@gmail.com'\n\n    @pytest.mark.parametrize(\"username\", usernames)\n    def test_login_with_proper_credentials(driver, username):\n        home = HomePage(driver)\n        home.click_on_login()\n        login = LogIn(driver)\n>       login.login_to_the_application(username, \"mouni123\")\n\nDemowebshop\\Lib\\tests\\test_login.py:14: \n_ _ _ _ _ _ _ _ _ _ _ _ _ _ _ _ _ _ _ _ _ _ _ _ _ _ _ _ _ _ _ _ _ _ _ _ _ _ _ _ _ _ _ _ _ _ _ _ _ _ _ _ _ _ _ _ _ _ _ _ _ _ _ _ _ _ _ _ _ _ _ _ _ _ _ _ _ _ _ _ _ _ _ _ _ _ _ _ _ _\nDemowebshop\\Lib\\POM\\login.py:10: in login_to_the_application\n    self.send_text_to_an_element(self.email_locator, username)\nDemowebshop\\Lib\\POM\\homepage.py:23: in send_text_to_an_element\n    ele = self.search_for_an_element(locator)\nDemowebshop\\Lib\\library.py:9: in search_for_an_element\n    element = self.driver.find_element(*locator)\n.venv\\Lib\\site-packages\\selenium\\webdriver\\remote\\webdriver.py:748: in find_element\n    return self.execute(Command.FIND_ELEMENT, {\"using\": by, \"value\": value})[\"value\"]\n.venv\\Lib\\site-packages\\selenium\\webdriver\\remote\\webdriver.py:354: in execute\n    self.error_handler.check_response(response)\n_ _ _ _ _ _ _ _ _ _ _ _ _ _ _ _ _ _ _ _ _ _ _ _ _ _ _ _ _ _ _ _ _ _ _ _ _ _ _ _ _ _ _ _ _ _ _ _ _ _ _ _ _ _ _ _ _ _ _ _ _ _ _ _ _ _ _ _ _ _ _ _ _ _ _ _ _ _ _ _ _ _ _ _ _ _ _ _ _ _\n\nself = <selenium.webdriver.remote.errorhandler.ErrorHandler object at 0x0000026E2934C2F0>\nresponse = {'status': 404, 'value': '{\"value\":{\"error\":\"no such element\",\"message\":\"no such element: Unable to locate element: {\\...07FF6EA084A7F]\\\\n\\\\tBaseThreadInitThunk [0x00007FFA992E257D+29]\\\\n\\\\tRtlUserThreadStart [0x00007FFA9A9AAF28+40]\\\\n\"}}'}\n\n    def check_response(self, response: Dict[str, Any]) -> None:\n        \"\"\"Checks that a JSON response from the WebDriver does not have an\n        error.\n    \n        :Args:\n         - response - The JSON response from the WebDriver server as a dictionary\n           object.\n    \n        :Raises: If the response contains an error message.\n        \"\"\"\n        status = response.get(\"status\", None)\n        if not status or status == ErrorCode.SUCCESS:\n            return\n        value = None\n        message = response.get(\"message\", \"\")\n        screen: str = response.get(\"screen\", \"\")\n        stacktrace = None\n        if isinstance(status, int):\n            value_json = response.get(\"value\", None)\n            if value_json and isinstance(value_json, str):\n                import json\n    \n                try:\n                    value = json.loads(value_json)\n                    if len(value) == 1:\n                        value = value[\"value\"]\n                    status = value.get(\"error\", None)\n                    if not status:\n                        status = value.get(\"status\", ErrorCode.UNKNOWN_ERROR)\n                        message = value.get(\"value\") or value.get(\"message\")\n                        if not isinstance(message, str):\n                            value = message\n                            message = message.get(\"message\")\n                    else:\n                        message = value.get(\"message\", None)\n                except ValueError:\n                    pass\n    \n        exception_class: Type[WebDriverException]\n        e = ErrorCode()\n        error_codes = [item for item in dir(e) if not item.startswith(\"__\")]\n        for error_code in error_codes:\n            error_info = getattr(ErrorCode, error_code)\n            if isinstance(error_info, list) and status in error_info:\n                exception_class = getattr(ExceptionMapping, error_code, WebDriverException)\n                break\n        else:\n            exception_class = WebDriverException\n    \n        if not value:\n            value = response[\"value\"]\n        if isinstance(value, str):\n            raise exception_class(value)\n        if message == \"\" and \"message\" in value:\n            message = value[\"message\"]\n    \n        screen = None  # type: ignore[assignment]\n        if \"screen\" in value:\n            screen = value[\"screen\"]\n    \n        stacktrace = None\n        st_value = value.get(\"stackTrace\") or value.get(\"stacktrace\")\n        if st_value:\n            if isinstance(st_value, str):\n                stacktrace = st_value.split(\"\\n\")\n            else:\n                stacktrace = []\n                try:\n                    for frame in st_value:\n                        line = frame.get(\"lineNumber\", \"\")\n                        file = frame.get(\"fileName\", \"<anonymous>\")\n                        if line:\n                            file = f\"{file}:{line}\"\n                        meth = frame.get(\"methodName\", \"<anonymous>\")\n                        if \"className\" in frame:\n                            meth = f\"{frame['className']}.{meth}\"\n                        msg = \"    at %s (%s)\"\n                        msg = msg % (meth, file)\n                        stacktrace.append(msg)\n                except TypeError:\n                    pass\n        if exception_class == UnexpectedAlertPresentException:\n            alert_text = None\n            if \"data\" in value:\n                alert_text = value[\"data\"].get(\"text\")\n            elif \"alert\" in value:\n                alert_text = value[\"alert\"].get(\"text\")\n            raise exception_class(message, screen, stacktrace, alert_text)  # type: ignore[call-arg]  # mypy is not smart enough here\n>       raise exception_class(message, screen, stacktrace)\nE       selenium.common.exceptions.NoSuchElementException: Message: no such element: Unable to locate element: {\"method\":\"css selector\",\"selector\":\"[id=\"Email\"]\"}\nE         (Session info: chrome=128.0.6613.113); For documentation on this error, please visit: https://www.selenium.dev/documentation/webdriver/troubleshooting/errors#no-such-element-exception\nE       Stacktrace:\nE       \tGetHandleVerifier [0x00007FF6EA11B632+29090]\nE       \t(No symbol) [0x00007FF6EA08E6E9]\nE       \t(No symbol) [0x00007FF6E9F4B1CA]\nE       \t(No symbol) [0x00007FF6E9F9EFD7]\nE       \t(No symbol) [0x00007FF6E9F9F22C]\nE       \t(No symbol) [0x00007FF6E9FE97F7]\nE       \t(No symbol) [0x00007FF6E9FC672F]\nE       \t(No symbol) [0x00007FF6E9FE65D9]\nE       \t(No symbol) [0x00007FF6E9FC6493]\nE       \t(No symbol) [0x00007FF6E9F909B1]\nE       \t(No symbol) [0x00007FF6E9F91B11]\nE       \tGetHandleVerifier [0x00007FF6EA43883D+3294125]\nE       \tGetHandleVerifier [0x00007FF6EA484423+3604371]\nE       \tGetHandleVerifier [0x00007FF6EA47A2E7+3563095]\nE       \tGetHandleVerifier [0x00007FF6EA1D6F16+797318]\nE       \t(No symbol) [0x00007FF6EA09986F]\nE       \t(No symbol) [0x00007FF6EA095454]\nE       \t(No symbol) [0x00007FF6EA0955E0]\nE       \t(No symbol) [0x00007FF6EA084A7F]\nE       \tBaseThreadInitThunk [0x00007FFA992E257D+29]\nE       \tRtlUserThreadStart [0x00007FFA9A9AAF28+40]\n\n.venv\\Lib\\site-packages\\selenium\\webdriver\\remote\\errorhandler.py:229: NoSuchElementException"}, "parameters": [{"name": "username", "value": "'Pmouni@gmail.com'"}], "start": 1724999660550, "stop": 1724999662644, "uuid": "852cd22e-ab9f-4eb8-835d-d3feee216cf5", "historyId": "0f923297e468d59d024e02c6a14085bc", "testCaseId": "fbad44f9119438976102464c8e89eb5b", "fullName": "Demowebshop.Lib.tests.test_login#test_login_with_proper_credentials", "labels": [{"name": "parentSuite", "value": "Demowebshop.Lib.tests"}, {"name": "suite", "value": "test_login"}, {"name": "host", "value": "dell"}, {"name": "thread", "value": "4924-MainThread"}, {"name": "framework", "value": "pytest"}, {"name": "language", "value": "cpython3"}, {"name": "package", "value": "Demowebshop.Lib.tests.test_login"}]}